<?xml version="1.0" encoding="UTF-8"?>
<!-- Generated by org.testng.reporters.JUnitReportReporter -->
<testsuite hostname="Snehas-Air.lan" failures="0" tests="1" name="entToendAPITests.PassResultToAnotherAPI" time="2.424" errors="0" timestamp="2023-03-23T15:36:25 CDT" skipped="0">
  <testcase classname="entToendAPITests.PassResultToAnotherAPI" name="getUser" time="2.424"/>
  <system-out/>
</testsuite> <!-- entToendAPITests.PassResultToAnotherAPI -->
