<?xml version="1.0" encoding="UTF-8"?>
<!-- Generated by org.testng.reporters.JUnitReportReporter -->
<testsuite hostname="Snehas-Air.lan" failures="0" tests="1" name="sdet.pavan.CookiesDemo" time="2.002" errors="0" timestamp="2023-01-19T10:37:05 CST" skipped="0">
  <testcase classname="sdet.pavan.CookiesDemo" name="testCookies" time="2.002"/>
  <system-out/>
</testsuite> <!-- sdet.pavan.CookiesDemo -->
