<?xml version="1.0" encoding="UTF-8"?>
<!-- Generated by org.testng.reporters.JUnitReportReporter -->
<testsuite hostname="Snehas-Air.lan" failures="0" tests="1" name="sdet.pavan.DiffWaystoCreatePostRequestBody" time="2.389" errors="0" timestamp="2023-01-17T21:18:32 CST" skipped="0">
  <testcase classname="sdet.pavan.DiffWaystoCreatePostRequestBody" name="createBookingUsingExternalJsonFile" time="2.389"/>
  <system-out/>
</testsuite> <!-- sdet.pavan.DiffWaystoCreatePostRequestBody -->
