<?xml version="1.0" encoding="UTF-8"?>
<!-- Generated by org.testng.reporters.JUnitReportReporter -->
<testsuite hostname="Snehas-Air.lan" failures="0" tests="1" name="sdet.pavan.ParsingJSONResponseData" time="2.061" errors="0" timestamp="2023-01-20T14:48:59 CST" skipped="0">
  <testcase classname="sdet.pavan.ParsingJSONResponseData" name="testJsonResponseBodyData" time="2.061"/>
  <system-out/>
</testsuite> <!-- sdet.pavan.ParsingJSONResponseData -->
