<?xml version="1.0" encoding="UTF-8"?>
<!-- Generated by org.testng.reporters.JUnitReportReporter -->
<testsuite hostname="Snehas-Air-8.lan" failures="0" tests="1" name="restAssuredAuthentication.AuthUsingBaseClass" time="1.877" errors="0" timestamp="2023-02-21T17:11:40 CST" skipped="0">
  <testcase classname="restAssuredAuthentication.AuthUsingBaseClass" name="test1" time="1.877"/>
  <system-out/>
</testsuite> <!-- restAssuredAuthentication.AuthUsingBaseClass -->
