<?xml version="1.0" encoding="UTF-8"?>
<!-- Generated by org.testng.reporters.JUnitReportReporter -->
<testsuite hostname="Snehas-Air.lan" failures="0" tests="1" name="sdet.pavan.DiffWaysOfPassingPostRequestBody" time="2.611" errors="0" timestamp="2023-01-17T14:14:48 CST" skipped="0">
  <testcase classname="sdet.pavan.DiffWaysOfPassingPostRequestBody" name="createBooking" time="2.611"/>
  <system-out/>
</testsuite> <!-- sdet.pavan.DiffWaysOfPassingPostRequestBody -->
