<?xml version="1.0" encoding="UTF-8"?>
<!-- Generated by org.testng.reporters.JUnitReportReporter -->
<testsuite hostname="Snehas-Air.lan" failures="0" tests="1" name="serialization_deserialization.UsingPOJO" time="2.579" errors="0" timestamp="2023-03-14T16:49:43 CDT" skipped="0">
  <testcase classname="serialization_deserialization.UsingPOJO" name="test1" time="2.579"/>
  <system-out/>
</testsuite> <!-- serialization_deserialization.UsingPOJO -->
