<?xml version="1.0" encoding="UTF-8"?>
<!-- Generated by org.testng.reporters.JUnitReportReporter -->
<testsuite hostname="Snehas-Air-3.lan" failures="0" tests="1" name="sdet.pavan.QueryAndPathParams" time="2.533" errors="0" timestamp="2023-02-24T15:05:28 CST" skipped="0">
  <testcase classname="sdet.pavan.QueryAndPathParams" name="testQueryAndPathParams" time="2.533"/>
  <system-out/>
</testsuite> <!-- sdet.pavan.QueryAndPathParams -->
