<?xml version="1.0" encoding="UTF-8"?>
<!-- Generated by org.testng.reporters.JUnitReportReporter -->
<testsuite hostname="Snehas-Air.lan" failures="0" tests="1" name="sdet.pavan.PostRequestBody" time="0.237" errors="0" timestamp="2023-03-16T09:11:06 CDT" skipped="0">
  <testcase classname="sdet.pavan.PostRequestBody" name="testBookingUsingPojoClass" time="0.237"/>
  <system-out/>
</testsuite> <!-- sdet.pavan.PostRequestBody -->
