<?xml version="1.0" encoding="UTF-8"?>
<!-- Generated by org.testng.reporters.JUnitReportReporter -->
<testsuite hostname="Snehas-Air.lan" failures="0" tests="1" name="sdet.pavan.ParsingXMLResponse" time="3.180" errors="0" timestamp="2023-01-21T10:11:16 CST" skipped="0">
  <testcase classname="sdet.pavan.ParsingXMLResponse" name="testXMLResponseBody" time="3.180"/>
  <system-out/>
</testsuite> <!-- sdet.pavan.ParsingXMLResponse -->
