<?xml version="1.0" encoding="UTF-8"?>
<!-- Generated by org.testng.reporters.JUnitReportReporter -->
<testsuite hostname="Snehas-Air-3.lan" failures="0" tests="1" name="sdet.pavan.practiceSeries.Example2" time="3.551" errors="0" timestamp="2023-02-24T15:42:56 CST" skipped="0">
  <testcase classname="sdet.pavan.practiceSeries.Example2" name="createUserTest1" time="3.551"/>
  <system-out/>
</testsuite> <!-- sdet.pavan.practiceSeries.Example2 -->
