<?xml version="1.0" encoding="UTF-8"?>
<!-- Generated by org.testng.reporters.JUnitReportReporter -->
<testsuite hostname="Snehas-Air.lan" failures="0" tests="1" name="sdet.pavan.HeadersDemo" time="2.147" errors="0" timestamp="2023-03-16T14:32:13 CDT" skipped="0">
  <testcase classname="sdet.pavan.HeadersDemo" name="getHeaderInfo" time="2.147"/>
  <system-out/>
</testsuite> <!-- sdet.pavan.HeadersDemo -->
