<?xml version="1.0" encoding="UTF-8"?>
<!-- Generated by org.testng.reporters.JUnitReportReporter -->
<testsuite hostname="Snehas-Air.lan" failures="0" tests="4" name="sdet.pavan.HttpRequests" time="4.720" errors="0" timestamp="2023-01-17T11:44:29 CST" skipped="0">
  <testcase classname="sdet.pavan.HttpRequests" name="getUser" time="2.968"/>
  <system-out/>
  <testcase classname="sdet.pavan.HttpRequests" name="createUser" time="0.803"/>
  <system-out/>
  <testcase classname="sdet.pavan.HttpRequests" name="updateUser" time="0.494"/>
  <system-out/>
  <testcase classname="sdet.pavan.HttpRequests" name="deleteUser" time="0.455"/>
  <system-out/>
</testsuite> <!-- sdet.pavan.HttpRequests -->
